<?xml version="1.0" encoding="UTF-8" ?>
<testsuite failures="0" time="1.5" errors="0" skipped="0" tests="2" name="org.apache.tika.parser.microsoft.ExcelExtractorTest">
  <properties>
    <property name="java.runtime.name" value="Java(TM) SE Runtime Environment"/>
    <property name="sun.boot.library.path" value="C:\Program Files\Java\jdk1.7.0\jre\bin"/>
    <property name="java.vm.version" value="21.0-b17"/>
    <property name="user.country.format" value="MX"/>
    <property name="java.vm.vendor" value="Oracle Corporation"/>
    <property name="java.vendor.url" value="http://java.oracle.com/"/>
    <property name="path.separator" value=";"/>
    <property name="java.vm.name" value="Java HotSpot(TM) Client VM"/>
    <property name="file.encoding.pkg" value="sun.io"/>
    <property name="user.script" value=""/>
    <property name="user.country" value="ES"/>
    <property name="sun.java.launcher" value="SUN_STANDARD"/>
    <property name="sun.os.patch.level" value="Service Pack 1"/>
    <property name="java.vm.specification.name" value="Java Virtual Machine Specification"/>
    <property name="user.dir" value="C:\Users\Cesar\Documents\development\dali read excel"/>
    <property name="java.runtime.version" value="1.7.0-b147"/>
    <property name="java.awt.graphicsenv" value="sun.awt.Win32GraphicsEnvironment"/>
    <property name="basedir" value="C:\Users\Cesar\Documents\development\dali read excel"/>
    <property name="java.endorsed.dirs" value="C:\Program Files\Java\jdk1.7.0\jre\lib\endorsed"/>
    <property name="os.arch" value="x86"/>
    <property name="surefire.real.class.path" value="C:\Users\Cesar\AppData\Local\Temp\surefirebooter4526028111216987549.jar"/>
    <property name="java.io.tmpdir" value="C:\Users\Cesar\AppData\Local\Temp\"/>
    <property name="line.separator" value="
"/>
    <property name="java.vm.specification.vendor" value="Oracle Corporation"/>
    <property name="user.variant" value=""/>
    <property name="os.name" value="Windows 7"/>
    <property name="sun.jnu.encoding" value="Cp1252"/>
    <property name="java.library.path" value="C:\Program Files\Java\jdk1.7.0\jre\bin;C:\Windows\Sun\Java\bin;C:\Windows\system32;C:\Windows;C:\oraclexe\app\oracle\product\10.2.0\server\bin;C:\dev\apache-maven-3.0.3\bin;c:\oracle\app\product\11.2.0\dbhome_1\bin;C:\Program Files\Common Files\Microsoft Shared\Windows Live;C:\Program Files\PHP\;C:\Windows\system32;C:\Windows;C:\Windows\System32\Wbem;C:\Windows\System32\WindowsPowerShell\v1.0\;c:\Program Files\ATI Technologies\ATI.ACE\Core-Static;C:\Program Files\Common Files\Roxio Shared\DLLShared\;C:\Program Files\Common Files\Roxio Shared\10.0\DLLShared\;C:\Users\Cesar\Documents\software\apache-maven-2.2.1\bin;C:\Program Files\MySQL\MySQL Server 5.1\bin;C:\spring-roo-1.1.0.M3\bin;C:\Program Files\Windows Live\Shared;C:\Program Files\TortoiseSVN\bin;C:\dev\apache-ant-1.8.1\bin;C:\Program Files\Subversion\bin;C:\Program Files\Java\jdk1.6.0_19\bin;."/>
    <property name="surefire.test.class.path" value="C:\Users\Cesar\Documents\development\dali read excel\target\test-classes;C:\Users\Cesar\Documents\development\dali read excel\target\classes;C:\Users\Cesar\.m2\repository\org\apache\tika\tika-parsers\0.9\tika-parsers-0.9.jar;C:\Users\Cesar\.m2\repository\org\apache\tika\tika-core\0.9\tika-core-0.9.jar;C:\Users\Cesar\.m2\repository\edu\ucar\netcdf\4.2-min\netcdf-4.2-min.jar;C:\Users\Cesar\.m2\repository\org\slf4j\slf4j-api\1.6.1\slf4j-api-1.6.1.jar;C:\Users\Cesar\.m2\repository\commons-httpclient\commons-httpclient\3.1\commons-httpclient-3.1.jar;C:\Users\Cesar\.m2\repository\commons-logging\commons-logging\1.0.4\commons-logging-1.0.4.jar;C:\Users\Cesar\.m2\repository\commons-codec\commons-codec\1.5\commons-codec-1.5.jar;C:\Users\Cesar\.m2\repository\org\apache\james\apache-mime4j\0.6\apache-mime4j-0.6.jar;C:\Users\Cesar\.m2\repository\org\apache\commons\commons-compress\1.1\commons-compress-1.1.jar;C:\Users\Cesar\.m2\repository\org\apache\pdfbox\pdfbox\1.4.0\pdfbox-1.4.0.jar;C:\Users\Cesar\.m2\repository\org\apache\pdfbox\fontbox\1.4.0\fontbox-1.4.0.jar;C:\Users\Cesar\.m2\repository\org\apache\pdfbox\jempbox\1.4.0\jempbox-1.4.0.jar;C:\Users\Cesar\.m2\repository\org\bouncycastle\bcmail-jdk15\1.45\bcmail-jdk15-1.45.jar;C:\Users\Cesar\.m2\repository\org\bouncycastle\bcprov-jdk15\1.45\bcprov-jdk15-1.45.jar;C:\Users\Cesar\.m2\repository\org\apache\geronimo\specs\geronimo-stax-api_1.0_spec\1.0.1\geronimo-stax-api_1.0_spec-1.0.1.jar;C:\Users\Cesar\.m2\repository\org\ccil\cowan\tagsoup\tagsoup\1.2\tagsoup-1.2.jar;C:\Users\Cesar\.m2\repository\asm\asm\3.1\asm-3.1.jar;C:\Users\Cesar\.m2\repository\com\drewnoakes\metadata-extractor\2.4.0-beta-1\metadata-extractor-2.4.0-beta-1.jar;C:\Users\Cesar\.m2\repository\de\l3s\boilerpipe\boilerpipe\1.1.0\boilerpipe-1.1.0.jar;C:\Users\Cesar\.m2\repository\rome\rome\0.9\rome-0.9.jar;C:\Users\Cesar\.m2\repository\jdom\jdom\1.0\jdom-1.0.jar;C:\Users\Cesar\.m2\repository\org\apache\poi\poi\3.8-beta3\poi-3.8-beta3.jar;C:\Users\Cesar\.m2\repository\org\apache\poi\poi-ooxml\3.8-beta3\poi-ooxml-3.8-beta3.jar;C:\Users\Cesar\.m2\repository\org\apache\poi\poi-ooxml-schemas\3.8-beta3\poi-ooxml-schemas-3.8-beta3.jar;C:\Users\Cesar\.m2\repository\org\apache\xmlbeans\xmlbeans\2.3.0\xmlbeans-2.3.0.jar;C:\Users\Cesar\.m2\repository\stax\stax-api\1.0.1\stax-api-1.0.1.jar;C:\Users\Cesar\.m2\repository\dom4j\dom4j\1.6.1\dom4j-1.6.1.jar;C:\Users\Cesar\.m2\repository\xml-apis\xml-apis\1.0.b2\xml-apis-1.0.b2.jar;C:\Users\Cesar\.m2\repository\org\apache\poi\poi-scratchpad\3.8-beta3\poi-scratchpad-3.8-beta3.jar;C:\Users\Cesar\.m2\repository\net\sourceforge\jexcelapi\jxl\2.6.12\jxl-2.6.12.jar;C:\Users\Cesar\.m2\repository\log4j\log4j\1.2.14\log4j-1.2.14.jar;C:\Users\Cesar\.m2\repository\junit\junit\4.8.2\junit-4.8.2.jar;C:\Users\Cesar\.m2\repository\ch\qos\logback\logback-classic\0.9.29\logback-classic-0.9.29.jar;C:\Users\Cesar\.m2\repository\ch\qos\logback\logback-core\0.9.29\logback-core-0.9.29.jar;C:\Users\Cesar\.m2\repository\commons-lang\commons-lang\2.2\commons-lang-2.2.jar;"/>
    <property name="java.specification.name" value="Java Platform API Specification"/>
    <property name="java.class.version" value="51.0"/>
    <property name="sun.management.compiler" value="HotSpot Client Compiler"/>
    <property name="os.version" value="6.1"/>
    <property name="user.home" value="C:\Users\Cesar"/>
    <property name="user.timezone" value="America/Mexico_City"/>
    <property name="java.awt.printerjob" value="sun.awt.windows.WPrinterJob"/>
    <property name="java.specification.version" value="1.7"/>
    <property name="file.encoding" value="Cp1252"/>
    <property name="user.name" value="Cesar"/>
    <property name="java.class.path" value="C:\Users\Cesar\Documents\development\dali read excel\target\test-classes;C:\Users\Cesar\Documents\development\dali read excel\target\classes;C:\Users\Cesar\.m2\repository\org\apache\tika\tika-parsers\0.9\tika-parsers-0.9.jar;C:\Users\Cesar\.m2\repository\org\apache\tika\tika-core\0.9\tika-core-0.9.jar;C:\Users\Cesar\.m2\repository\edu\ucar\netcdf\4.2-min\netcdf-4.2-min.jar;C:\Users\Cesar\.m2\repository\org\slf4j\slf4j-api\1.6.1\slf4j-api-1.6.1.jar;C:\Users\Cesar\.m2\repository\commons-httpclient\commons-httpclient\3.1\commons-httpclient-3.1.jar;C:\Users\Cesar\.m2\repository\commons-logging\commons-logging\1.0.4\commons-logging-1.0.4.jar;C:\Users\Cesar\.m2\repository\commons-codec\commons-codec\1.5\commons-codec-1.5.jar;C:\Users\Cesar\.m2\repository\org\apache\james\apache-mime4j\0.6\apache-mime4j-0.6.jar;C:\Users\Cesar\.m2\repository\org\apache\commons\commons-compress\1.1\commons-compress-1.1.jar;C:\Users\Cesar\.m2\repository\org\apache\pdfbox\pdfbox\1.4.0\pdfbox-1.4.0.jar;C:\Users\Cesar\.m2\repository\org\apache\pdfbox\fontbox\1.4.0\fontbox-1.4.0.jar;C:\Users\Cesar\.m2\repository\org\apache\pdfbox\jempbox\1.4.0\jempbox-1.4.0.jar;C:\Users\Cesar\.m2\repository\org\bouncycastle\bcmail-jdk15\1.45\bcmail-jdk15-1.45.jar;C:\Users\Cesar\.m2\repository\org\bouncycastle\bcprov-jdk15\1.45\bcprov-jdk15-1.45.jar;C:\Users\Cesar\.m2\repository\org\apache\geronimo\specs\geronimo-stax-api_1.0_spec\1.0.1\geronimo-stax-api_1.0_spec-1.0.1.jar;C:\Users\Cesar\.m2\repository\org\ccil\cowan\tagsoup\tagsoup\1.2\tagsoup-1.2.jar;C:\Users\Cesar\.m2\repository\asm\asm\3.1\asm-3.1.jar;C:\Users\Cesar\.m2\repository\com\drewnoakes\metadata-extractor\2.4.0-beta-1\metadata-extractor-2.4.0-beta-1.jar;C:\Users\Cesar\.m2\repository\de\l3s\boilerpipe\boilerpipe\1.1.0\boilerpipe-1.1.0.jar;C:\Users\Cesar\.m2\repository\rome\rome\0.9\rome-0.9.jar;C:\Users\Cesar\.m2\repository\jdom\jdom\1.0\jdom-1.0.jar;C:\Users\Cesar\.m2\repository\org\apache\poi\poi\3.8-beta3\poi-3.8-beta3.jar;C:\Users\Cesar\.m2\repository\org\apache\poi\poi-ooxml\3.8-beta3\poi-ooxml-3.8-beta3.jar;C:\Users\Cesar\.m2\repository\org\apache\poi\poi-ooxml-schemas\3.8-beta3\poi-ooxml-schemas-3.8-beta3.jar;C:\Users\Cesar\.m2\repository\org\apache\xmlbeans\xmlbeans\2.3.0\xmlbeans-2.3.0.jar;C:\Users\Cesar\.m2\repository\stax\stax-api\1.0.1\stax-api-1.0.1.jar;C:\Users\Cesar\.m2\repository\dom4j\dom4j\1.6.1\dom4j-1.6.1.jar;C:\Users\Cesar\.m2\repository\xml-apis\xml-apis\1.0.b2\xml-apis-1.0.b2.jar;C:\Users\Cesar\.m2\repository\org\apache\poi\poi-scratchpad\3.8-beta3\poi-scratchpad-3.8-beta3.jar;C:\Users\Cesar\.m2\repository\net\sourceforge\jexcelapi\jxl\2.6.12\jxl-2.6.12.jar;C:\Users\Cesar\.m2\repository\log4j\log4j\1.2.14\log4j-1.2.14.jar;C:\Users\Cesar\.m2\repository\junit\junit\4.8.2\junit-4.8.2.jar;C:\Users\Cesar\.m2\repository\ch\qos\logback\logback-classic\0.9.29\logback-classic-0.9.29.jar;C:\Users\Cesar\.m2\repository\ch\qos\logback\logback-core\0.9.29\logback-core-0.9.29.jar;C:\Users\Cesar\.m2\repository\commons-lang\commons-lang\2.2\commons-lang-2.2.jar;"/>
    <property name="java.vm.specification.version" value="1.7"/>
    <property name="sun.arch.data.model" value="32"/>
    <property name="java.home" value="C:\Program Files\Java\jdk1.7.0\jre"/>
    <property name="sun.java.command" value="C:\Users\Cesar\AppData\Local\Temp\surefirebooter4526028111216987549.jar C:\Users\Cesar\AppData\Local\Temp\surefire7518730493392170983tmp C:\Users\Cesar\AppData\Local\Temp\surefire226439434771704938tmp"/>
    <property name="java.specification.vendor" value="Oracle Corporation"/>
    <property name="user.language" value="es"/>
    <property name="awt.toolkit" value="sun.awt.windows.WToolkit"/>
    <property name="java.vm.info" value="mixed mode, sharing"/>
    <property name="java.version" value="1.7.0"/>
    <property name="java.ext.dirs" value="C:\Program Files\Java\jdk1.7.0\jre\lib\ext;C:\Windows\Sun\Java\lib\ext"/>
    <property name="sun.boot.class.path" value="C:\Program Files\Java\jdk1.7.0\jre\lib\resources.jar;C:\Program Files\Java\jdk1.7.0\jre\lib\rt.jar;C:\Program Files\Java\jdk1.7.0\jre\lib\sunrsasign.jar;C:\Program Files\Java\jdk1.7.0\jre\lib\jsse.jar;C:\Program Files\Java\jdk1.7.0\jre\lib\jce.jar;C:\Program Files\Java\jdk1.7.0\jre\lib\charsets.jar;C:\Program Files\Java\jdk1.7.0\jre\classes"/>
    <property name="java.vendor" value="Oracle Corporation"/>
    <property name="localRepository" value="C:\Users\Cesar\.m2\repository"/>
    <property name="file.separator" value="\"/>
    <property name="java.vendor.url.bug" value="http://bugreport.sun.com/bugreport/"/>
    <property name="sun.cpu.endian" value="little"/>
    <property name="sun.io.unicode.encoding" value="UnicodeLittle"/>
    <property name="sun.desktop" value="windows"/>
    <property name="sun.cpu.isalist" value="pentium_pro+mmx pentium_pro pentium+mmx pentium i486 i386 i86"/>
  </properties>
  <testcase time="1.125" classname="org.apache.tika.parser.microsoft.ExcelExtractorTest" name="testFromMatrixToAdjacencyList"/>
  <testcase time="0.312" classname="org.apache.tika.parser.microsoft.ExcelExtractorTest" name="test"/>
</testsuite>